[github.com/flipped-aurora/gin-vue-admin/server]2024-06-22 15:58:26.273	[34minfo[0m	D:/project/caishuji/caishuji/backend/gin-vue-admin-main/server/initialize/router.go:60	register swagger handler
[github.com/flipped-aurora/gin-vue-admin/server]2024-06-22 15:58:26.280	[34minfo[0m	D:/project/caishuji/caishuji/backend/gin-vue-admin-main/server/initialize/router.go:99	router register success
[github.com/flipped-aurora/gin-vue-admin/server]2024-06-22 15:58:26.281	[34minfo[0m	D:/project/caishuji/caishuji/backend/gin-vue-admin-main/server/core/server.go:37	server run success on 	{"address": ":8888"}
[github.com/flipped-aurora/gin-vue-admin/server]2024-06-22 16:20:44.401	[34minfo[0m	D:/project/caishuji/caishuji/backend/gin-vue-admin-main/server/initialize/router.go:60	register swagger handler
[github.com/flipped-aurora/gin-vue-admin/server]2024-06-22 16:20:44.409	[34minfo[0m	D:/project/caishuji/caishuji/backend/gin-vue-admin-main/server/initialize/router.go:99	router register success
[github.com/flipped-aurora/gin-vue-admin/server]2024-06-22 16:20:44.409	[34minfo[0m	D:/project/caishuji/caishuji/backend/gin-vue-admin-main/server/core/server.go:37	server run success on 	{"address": ":8888"}
[github.com/flipped-aurora/gin-vue-admin/server]2024-06-22 16:33:13.979	[34minfo[0m	D:/project/caishuji/caishuji/backend/server/initialize/router.go:60	register swagger handler
[github.com/flipped-aurora/gin-vue-admin/server]2024-06-22 16:33:13.988	[34minfo[0m	D:/project/caishuji/caishuji/backend/server/initialize/router.go:99	router register success
[github.com/flipped-aurora/gin-vue-admin/server]2024-06-22 16:33:13.989	[34minfo[0m	D:/project/caishuji/caishuji/backend/server/core/server.go:37	server run success on 	{"address": ":8888"}
[github.com/flipped-aurora/gin-vue-admin/server]2024-06-22 16:44:43.696	[34minfo[0m	D:/project/caishuji/caishuji/backend/server/initialize/router.go:60	register swagger handler
[github.com/flipped-aurora/gin-vue-admin/server]2024-06-22 16:44:43.706	[34minfo[0m	D:/project/caishuji/caishuji/backend/server/initialize/router.go:99	router register success
[github.com/flipped-aurora/gin-vue-admin/server]2024-06-22 16:44:43.707	[34minfo[0m	D:/project/caishuji/caishuji/backend/server/core/server.go:37	server run success on 	{"address": ":8888"}
[github.com/flipped-aurora/gin-vue-admin/server]2024-06-22 16:54:51.621	[34minfo[0m	D:/project/caishuji/caishuji/backend/server/initialize/router.go:60	register swagger handler
[github.com/flipped-aurora/gin-vue-admin/server]2024-06-22 16:54:51.629	[34minfo[0m	D:/project/caishuji/caishuji/backend/server/initialize/router.go:99	router register success
[github.com/flipped-aurora/gin-vue-admin/server]2024-06-22 16:54:51.630	[34minfo[0m	D:/project/caishuji/caishuji/backend/server/core/server.go:37	server run success on 	{"address": ":8888"}
[github.com/flipped-aurora/gin-vue-admin/server]2024-06-22 16:55:13.258	[34minfo[0m	D:/project/caishuji/caishuji/backend/server/initialize/router.go:60	register swagger handler
[github.com/flipped-aurora/gin-vue-admin/server]2024-06-22 16:55:13.266	[34minfo[0m	D:/project/caishuji/caishuji/backend/server/initialize/router.go:99	router register success
[github.com/flipped-aurora/gin-vue-admin/server]2024-06-22 16:55:13.267	[34minfo[0m	D:/project/caishuji/caishuji/backend/server/core/server.go:37	server run success on 	{"address": ":8888"}
[github.com/flipped-aurora/gin-vue-admin/server]2024-06-22 16:58:42.064	[34minfo[0m	D:/project/caishuji/caishuji/backend/server/initialize/router.go:60	register swagger handler
[github.com/flipped-aurora/gin-vue-admin/server]2024-06-22 16:58:42.073	[34minfo[0m	D:/project/caishuji/caishuji/backend/server/initialize/router.go:99	router register success
[github.com/flipped-aurora/gin-vue-admin/server]2024-06-22 16:58:42.073	[34minfo[0m	D:/project/caishuji/caishuji/backend/server/core/server.go:37	server run success on 	{"address": ":8888"}
[github.com/flipped-aurora/gin-vue-admin/server]2024-06-22 17:29:53.783	[34minfo[0m	D:/project/caishuji/caishuji/backend/server/initialize/router.go:60	register swagger handler
[github.com/flipped-aurora/gin-vue-admin/server]2024-06-22 17:29:53.793	[34minfo[0m	D:/project/caishuji/caishuji/backend/server/initialize/router.go:99	router register success
[github.com/flipped-aurora/gin-vue-admin/server]2024-06-22 17:29:53.793	[34minfo[0m	D:/project/caishuji/caishuji/backend/server/core/server.go:37	server run success on 	{"address": ":8888"}
[github.com/flipped-aurora/gin-vue-admin/server]2024-06-22 17:31:03.562	[34minfo[0m	D:/project/caishuji/caishuji/backend/server/initialize/gorm.go:61	register table success
[github.com/flipped-aurora/gin-vue-admin/server]2024-06-22 17:31:03.599	[34minfo[0m	D:/project/caishuji/caishuji/backend/server/initialize/router.go:60	register swagger handler
[github.com/flipped-aurora/gin-vue-admin/server]2024-06-22 17:31:03.607	[34minfo[0m	D:/project/caishuji/caishuji/backend/server/initialize/router.go:99	router register success
[github.com/flipped-aurora/gin-vue-admin/server]2024-06-22 17:31:03.608	[34minfo[0m	D:/project/caishuji/caishuji/backend/server/core/server.go:37	server run success on 	{"address": ":8888"}
[github.com/flipped-aurora/gin-vue-admin/server]2024-06-22 17:47:15.199	[34minfo[0m	D:/project/caishuji/caishuji/backend/server/api/v1/system/sys_initdb.go:57	æ•°æ®åº“æ— éœ€åˆå§‹åŒ–
[github.com/flipped-aurora/gin-vue-admin/server]2024-06-22 17:50:10.482	[34minfo[0m	D:/project/caishuji/caishuji/backend/server/initialize/gorm.go:61	register table success
[github.com/flipped-aurora/gin-vue-admin/server]2024-06-22 17:50:10.512	[34minfo[0m	D:/project/caishuji/caishuji/backend/server/initialize/router.go:60	register swagger handler
[github.com/flipped-aurora/gin-vue-admin/server]2024-06-22 17:50:10.521	[34minfo[0m	D:/project/caishuji/caishuji/backend/server/initialize/router.go:99	router register success
[github.com/flipped-aurora/gin-vue-admin/server]2024-06-22 17:50:10.522	[34minfo[0m	D:/project/caishuji/caishuji/backend/server/core/server.go:37	server run success on 	{"address": ":8888"}
[github.com/flipped-aurora/gin-vue-admin/server]2024-06-22 17:50:57.171	[34minfo[0m	D:/project/caishuji/caishuji/backend/server/api/v1/system/sys_initdb.go:57	æ•°æ®åº“æ— éœ€åˆå§‹åŒ–
[github.com/flipped-aurora/gin-vue-admin/server]2024-06-22 17:50:58.480	[34minfo[0m	D:/project/caishuji/caishuji/backend/server/api/v1/system/sys_initdb.go:57	æ•°æ®åº“æ— éœ€åˆå§‹åŒ–
[github.com/flipped-aurora/gin-vue-admin/server]2024-06-22 17:50:58.863	[34minfo[0m	D:/project/caishuji/caishuji/backend/server/api/v1/system/sys_initdb.go:57	æ•°æ®åº“æ— éœ€åˆå§‹åŒ–
[github.com/flipped-aurora/gin-vue-admin/server]2024-06-22 17:51:00.309	[34minfo[0m	D:/project/caishuji/caishuji/backend/server/api/v1/system/sys_initdb.go:57	æ•°æ®åº“æ— éœ€åˆå§‹åŒ–
[github.com/flipped-aurora/gin-vue-admin/server]2024-06-22 17:51:00.743	[34minfo[0m	D:/project/caishuji/caishuji/backend/server/api/v1/system/sys_initdb.go:57	æ•°æ®åº“æ— éœ€åˆå§‹åŒ–
[github.com/flipped-aurora/gin-vue-admin/server]2024-06-22 17:51:00.787	[34minfo[0m	D:/project/caishuji/caishuji/backend/server/api/v1/system/sys_initdb.go:57	æ•°æ®åº“æ— éœ€åˆå§‹åŒ–
[github.com/flipped-aurora/gin-vue-admin/server]2024-06-22 17:59:34.988	[34minfo[0m	D:/project/caishuji/caishuji/backend/server/initialize/router.go:60	register swagger handler
[github.com/flipped-aurora/gin-vue-admin/server]2024-06-22 17:59:34.997	[34minfo[0m	D:/project/caishuji/caishuji/backend/server/initialize/router.go:99	router register success
[github.com/flipped-aurora/gin-vue-admin/server]2024-06-22 17:59:34.997	[34minfo[0m	D:/project/caishuji/caishuji/backend/server/core/server.go:37	server run success on 	{"address": ":8888"}
[github.com/flipped-aurora/gin-vue-admin/server]2024-06-22 17:59:40.031	[34minfo[0m	D:/project/caishuji/caishuji/backend/server/api/v1/system/sys_initdb.go:57	å‰å¾€åˆå§‹åŒ–æ•°æ®åº“
